<?xml version="1.0" encoding="UTF-8"?>
<!-- Generated by org.testng.reporters.JUnitReportReporter -->
<testsuite hostname="LTIN509380" failures="0" tests="3" name="testRunner.TestRunner" time="83.263" errors="0" timestamp="2024-04-19T16:34:55 IST" skipped="0">
  <testcase classname="testRunner.TestRunner" name="runScenario" time="35.547"/>
  <testcase classname="testRunner.TestRunner" name="runScenario" time="22.488"/>
  <testcase classname="testRunner.TestRunner" name="runScenario" time="25.228"/>
</testsuite> <!-- testRunner.TestRunner -->
