<?xml version="1.0" encoding="UTF-8"?>
<!-- Generated by org.testng.reporters.JUnitReportReporter -->
<testsuite hostname="LTIN509380" failures="0" tests="3" name="testRunner.TestRunner" time="82.739" errors="0" timestamp="2024-04-19T09:09:20 IST" skipped="0">
  <testcase classname="testRunner.TestRunner" name="runScenario" time="37.230"/>
  <testcase classname="testRunner.TestRunner" name="runScenario" time="25.373"/>
  <testcase classname="testRunner.TestRunner" name="runScenario" time="20.136"/>
</testsuite> <!-- testRunner.TestRunner -->
